This file contains any messages produced by compilers while
running configure, to aid debugging if configure makes a mistake.

It was created by config configure 1.0, which was
generated by GNU Autoconf 2.69.  Invocation command line was

  $ ./configure 

## --------- ##
## Platform. ##
## --------- ##

hostname = Mengyins-MacBook-Pro.local
uname -m = x86_64
uname -r = 19.2.0
uname -s = Darwin
uname -v = Darwin Kernel Version 19.2.0: Sat Nov  9 03:47:04 PST 2019; root:xnu-6153.61.1~20/RELEASE_X86_64

/usr/bin/uname -p = i386
/bin/uname -X     = unknown

/bin/arch              = unknown
/usr/bin/arch -k       = unknown
/usr/convex/getsysinfo = unknown
/usr/bin/hostinfo      = Mach kernel version:
	 Darwin Kernel Version 19.2.0: Sat Nov  9 03:47:04 PST 2019; root:xnu-6153.61.1~20/RELEASE_X86_64
Kernel configured for up to 8 processors.
4 processors are physically available.
8 processors are logically available.
Processor type: x86_64h (Intel x86-64h Haswell)
Processors active: 0 1 2 3 4 5 6 7
Primary memory available: 16.00 gigabytes
Default processor set: 516 tasks, 2894 threads, 8 processors
Load average: 1.41, Mach factor: 6.58
/bin/machine           = unknown
/usr/bin/oslevel       = unknown
/bin/universe          = unknown

PATH: /Library/Frameworks/Python.framework/Versions/3.7/bin
PATH: /usr/local/bin
PATH: /usr/bin
PATH: /bin
PATH: /usr/sbin
PATH: /sbin
PATH: /Library/Apple/usr/bin
PATH: /Library/Apple/bin
PATH: /opt/minicom/2.2/bin
PATH: /Applications/VMware Fusion.app/Contents/Public
PATH: /Library/TeX/texbin
PATH: /Applications/Wireshark.app/Contents/MacOS


## ----------- ##
## Core tests. ##
## ----------- ##

configure:1830: checking for gcc
configure:1846: found /usr/bin/gcc
configure:1857: result: gcc
configure:2086: checking for C compiler version
configure:2095: gcc --version >&5
Apple clang version 11.0.0 (clang-1100.0.33.8)
Target: x86_64-apple-darwin19.2.0
Thread model: posix
InstalledDir: /Library/Developer/CommandLineTools/usr/bin
Configured with: --prefix=/Library/Developer/CommandLineTools/usr --with-gxx-include-dir=/Library/Developer/CommandLineTools/SDKs/MacOSX.sdk/usr/include/c++/4.2.1
configure:2106: $? = 0
configure:2095: gcc -v >&5
Configured with: --prefix=/Library/Developer/CommandLineTools/usr --with-gxx-include-dir=/Library/Developer/CommandLineTools/SDKs/MacOSX.sdk/usr/include/c++/4.2.1
Apple clang version 11.0.0 (clang-1100.0.33.8)
Target: x86_64-apple-darwin19.2.0
Thread model: posix
InstalledDir: /Library/Developer/CommandLineTools/usr/bin
configure:2106: $? = 0
configure:2095: gcc -V >&5
clang: error: unsupported option '-V -Wno-framework-include-private-from-public'
clang: error: no input files
configure:2106: $? = 1
configure:2095: gcc -qversion >&5
clang: error: unknown argument '-qversion', did you mean '--version'?
clang: error: no input files
configure:2106: $? = 1
configure:2126: checking whether the C compiler works
configure:2148: gcc    conftest.c  >&5
configure:2152: $? = 0
configure:2200: result: yes
configure:2203: checking for C compiler default output file name
configure:2205: result: a.out
configure:2211: checking for suffix of executables
configure:2218: gcc -o conftest    conftest.c  >&5
configure:2222: $? = 0
configure:2244: result: 
configure:2266: checking whether we are cross compiling
configure:2274: gcc -o conftest    conftest.c  >&5
configure:2278: $? = 0
configure:2285: ./conftest
configure:2289: $? = 0
configure:2304: result: no
configure:2309: checking for suffix of object files
configure:2331: gcc -c   conftest.c >&5
configure:2335: $? = 0
configure:2356: result: o
configure:2360: checking whether we are using the GNU C compiler
configure:2379: gcc -c   conftest.c >&5
configure:2379: $? = 0
configure:2388: result: yes
configure:2397: checking whether gcc accepts -g
configure:2417: gcc -c -g  conftest.c >&5
configure:2417: $? = 0
configure:2458: result: yes
configure:2475: checking for gcc option to accept ISO C89
configure:2538: gcc  -c -g -O2  conftest.c >&5
configure:2538: $? = 0
configure:2551: result: none needed
configure:2582: checking for struct addrinfo
configure:2582: gcc -c -g -O2  conftest.c >&5
configure:2582: $? = 0
configure:2582: gcc -c -g -O2  conftest.c >&5
conftest.c:16:30: error: expected expression
if (sizeof ((struct addrinfo)))
                             ^
1 error generated.
configure:2582: $? = 1
configure: failed program was:
| /* confdefs.h */
| #define PACKAGE_NAME "config"
| #define PACKAGE_TARNAME "config"
| #define PACKAGE_VERSION "1.0"
| #define PACKAGE_STRING "config 1.0"
| #define PACKAGE_BUGREPORT ""
| #define PACKAGE_URL ""
| #define CPU_VENDOR_OS ""
| /* end confdefs.h.  */
| 
|               #include <netdb.h>
| 
| int
| main ()
| {
| if (sizeof ((struct addrinfo)))
| 	    return 0;
|   ;
|   return 0;
| }
configure:2582: result: yes
configure:2707: creating ./config.status

## ---------------------- ##
## Running config.status. ##
## ---------------------- ##

This file was extended by config config.status 1.0, which was
generated by GNU Autoconf 2.69.  Invocation command line was

  CONFIG_FILES    = 
  CONFIG_HEADERS  = 
  CONFIG_LINKS    = 
  CONFIG_COMMANDS = 
  $ ./config.status 

on Mengyins-MacBook-Pro.local

config.status:666: creating config.h

## ---------------- ##
## Cache variables. ##
## ---------------- ##

ac_cv_c_compiler_gnu=yes
ac_cv_env_CC_set=
ac_cv_env_CC_value=
ac_cv_env_CFLAGS_set=
ac_cv_env_CFLAGS_value=
ac_cv_env_CPPFLAGS_set=
ac_cv_env_CPPFLAGS_value=
ac_cv_env_LDFLAGS_set=
ac_cv_env_LDFLAGS_value=
ac_cv_env_LIBS_set=
ac_cv_env_LIBS_value=
ac_cv_env_build_alias_set=
ac_cv_env_build_alias_value=
ac_cv_env_host_alias_set=
ac_cv_env_host_alias_value=
ac_cv_env_target_alias_set=
ac_cv_env_target_alias_value=
ac_cv_objext=o
ac_cv_prog_ac_ct_CC=gcc
ac_cv_prog_cc_c89=
ac_cv_prog_cc_g=yes
ac_cv_type_struct_addrinfo=yes

## ----------------- ##
## Output variables. ##
## ----------------- ##

CC='gcc'
CFLAGS='-g -O2'
CPPFLAGS=''
DEFS='-DHAVE_CONFIG_H'
ECHO_C='\c'
ECHO_N=''
ECHO_T=''
EXEEXT=''
LDFLAGS=''
LIBOBJS=''
LIBS=''
LTLIBOBJS=''
OBJEXT='o'
PACKAGE_BUGREPORT=''
PACKAGE_NAME='config'
PACKAGE_STRING='config 1.0'
PACKAGE_TARNAME='config'
PACKAGE_URL=''
PACKAGE_VERSION='1.0'
PATH_SEPARATOR=':'
SHELL='/bin/sh'
ac_ct_CC='gcc'
bindir='${exec_prefix}/bin'
build_alias=''
datadir='${datarootdir}'
datarootdir='${prefix}/share'
docdir='${datarootdir}/doc/${PACKAGE_TARNAME}'
dvidir='${docdir}'
exec_prefix='${prefix}'
host_alias=''
htmldir='${docdir}'
includedir='${prefix}/include'
infodir='${datarootdir}/info'
libdir='${exec_prefix}/lib'
libexecdir='${exec_prefix}/libexec'
localedir='${datarootdir}/locale'
localstatedir='${prefix}/var'
mandir='${datarootdir}/man'
oldincludedir='/usr/include'
pdfdir='${docdir}'
prefix='/usr/local'
program_transform_name='s,x,x,'
psdir='${docdir}'
sbindir='${exec_prefix}/sbin'
sharedstatedir='${prefix}/com'
sysconfdir='${prefix}/etc'
target_alias=''

## ----------- ##
## confdefs.h. ##
## ----------- ##

/* confdefs.h */
#define PACKAGE_NAME "config"
#define PACKAGE_TARNAME "config"
#define PACKAGE_VERSION "1.0"
#define PACKAGE_STRING "config 1.0"
#define PACKAGE_BUGREPORT ""
#define PACKAGE_URL ""
#define CPU_VENDOR_OS ""
#define HAVE_ADDRINFO_STRUCT 1

configure: exit 0
